TN:
SF:/home/asplapnav101/pranesh/code/myapp/viaplay/viaplay_trailer_app/app.js
FN:17,(anonymous_0)
FN:17,(anonymous_1)
FN:25,(anonymous_2)
FN:52,(anonymous_3)
FNF:4
FNH:4
FNDA:1,(anonymous_0)
FNDA:5,(anonymous_1)
FNDA:4,(anonymous_2)
FNDA:1,(anonymous_3)
DA:1,1
DA:2,1
DA:3,1
DA:4,1
DA:5,1
DA:6,1
DA:7,1
DA:8,1
DA:9,1
DA:10,1
DA:11,1
DA:14,1
DA:17,1
DA:18,5
DA:19,5
DA:20,5
DA:21,1
DA:22,1
DA:24,4
DA:25,4
DA:26,4
DA:27,4
DA:29,4
DA:33,1
DA:36,1
DA:37,1
DA:41,1
DA:42,1
DA:44,1
DA:45,1
DA:46,1
DA:47,1
DA:50,1
DA:52,1
DA:53,1
DA:57,1
LF:36
LH:36
BRDA:18,0,0,5
BRDA:18,0,1,0
BRDA:20,1,0,1
BRDA:20,1,1,4
BRF:4
BRH:3
end_of_record
TN:
SF:/home/asplapnav101/pranesh/code/myapp/viaplay/viaplay_trailer_app/src/v1/controllers/trailers.js
FN:7,fetchTrailerURL
FN:20,(anonymous_1)
FN:26,(anonymous_2)
FN:32,(anonymous_3)
FN:42,(anonymous_4)
FNF:5
FNH:5
FNDA:4,fetchTrailerURL
FNDA:1,(anonymous_1)
FNDA:1,(anonymous_2)
FNDA:1,(anonymous_3)
FNDA:2,(anonymous_4)
DA:1,1
DA:2,1
DA:3,1
DA:4,1
DA:7,1
DA:9,4
DA:11,4
DA:12,1
DA:13,1
DA:14,1
DA:18,3
DA:21,1
DA:22,1
DA:24,1
DA:27,1
DA:30,1
DA:33,1
DA:38,1
DA:39,1
DA:40,1
DA:43,2
DA:44,2
DA:45,1
DA:46,1
DA:49,1
DA:50,1
DA:52,2
LF:27
LH:27
BRDA:11,0,0,1
BRDA:11,0,1,3
BRDA:44,1,0,1
BRDA:44,1,1,1
BRDA:44,2,0,2
BRDA:44,2,1,1
BRF:6
BRH:6
end_of_record
TN:
SF:/home/asplapnav101/pranesh/code/myapp/viaplay/viaplay_trailer_app/src/v1/routes/index.js
FNF:0
FNH:0
DA:1,1
DA:2,1
DA:4,1
DA:6,1
DA:8,1
LF:5
LH:5
BRF:0
BRH:0
end_of_record
TN:
SF:/home/asplapnav101/pranesh/code/myapp/viaplay/viaplay_trailer_app/src/v1/util/trailerUtil.js
FN:3,sortVideo
FN:16,formatTrailerResponse
FN:17,(anonymous_2)
FN:30,filterData
FNF:4
FNH:4
FNDA:3,sortVideo
FNDA:1,formatTrailerResponse
FNDA:3,(anonymous_2)
FNDA:1,filterData
DA:4,3
DA:5,3
DA:6,1
DA:8,3
DA:9,3
DA:11,3
DA:16,1
DA:17,1
DA:18,3
DA:19,3
DA:21,3
DA:24,1
DA:30,1
DA:32,1
DA:33,1
DA:34,1
LF:16
LH:16
BRDA:5,0,0,1
BRDA:5,0,1,2
BRDA:8,1,0,3
BRDA:8,1,1,0
BRDA:18,2,0,3
BRDA:18,2,1,0
BRF:6
BRH:4
end_of_record
